<?xml version="1.0" encoding="UTF-8"?>
<testsuite xmlns:xsi="http://www.w3.org/2001/XMLSchema-instance" xsi:noNamespaceSchemaLocation="https://maven.apache.org/surefire/maven-surefire-plugin/xsd/surefire-test-report-3.0.xsd" version="3.0" name="com.xxn.crawler.CrawlerApplicationTests" time="2.43" tests="1" errors="0" skipped="0" failures="0">
  <properties>
    <property name="sun.desktop" value="windows"/>
    <property name="awt.toolkit" value="sun.awt.windows.WToolkit"/>
    <property name="file.encoding.pkg" value="sun.io"/>
    <property name="java.specification.version" value="1.8"/>
    <property name="sun.cpu.isalist" value="amd64"/>
    <property name="sun.jnu.encoding" value="GBK"/>
    <property name="java.class.path" value="D:\java\code\javaCrawler\target\test-classes;D:\java\code\javaCrawler\target\classes;d:\maven\localRepository\org\springframework\boot\spring-boot-starter-web\2.6.13\spring-boot-starter-web-2.6.13.jar;d:\maven\localRepository\org\springframework\boot\spring-boot-starter\2.6.13\spring-boot-starter-2.6.13.jar;d:\maven\localRepository\org\springframework\boot\spring-boot-starter-logging\2.6.13\spring-boot-starter-logging-2.6.13.jar;d:\maven\localRepository\ch\qos\logback\logback-classic\1.2.11\logback-classic-1.2.11.jar;d:\maven\localRepository\ch\qos\logback\logback-core\1.2.11\logback-core-1.2.11.jar;d:\maven\localRepository\org\apache\logging\log4j\log4j-to-slf4j\2.17.2\log4j-to-slf4j-2.17.2.jar;d:\maven\localRepository\org\apache\logging\log4j\log4j-api\2.17.2\log4j-api-2.17.2.jar;d:\maven\localRepository\org\slf4j\jul-to-slf4j\1.7.36\jul-to-slf4j-1.7.36.jar;d:\maven\localRepository\jakarta\annotation\jakarta.annotation-api\1.3.5\jakarta.annotation-api-1.3.5.jar;d:\maven\localRepository\org\yaml\snakeyaml\1.29\snakeyaml-1.29.jar;d:\maven\localRepository\org\springframework\boot\spring-boot-starter-json\2.6.13\spring-boot-starter-json-2.6.13.jar;d:\maven\localRepository\com\fasterxml\jackson\core\jackson-databind\2.13.4.2\jackson-databind-2.13.4.2.jar;d:\maven\localRepository\com\fasterxml\jackson\core\jackson-annotations\2.13.4\jackson-annotations-2.13.4.jar;d:\maven\localRepository\com\fasterxml\jackson\core\jackson-core\2.13.4\jackson-core-2.13.4.jar;d:\maven\localRepository\com\fasterxml\jackson\datatype\jackson-datatype-jdk8\2.13.4\jackson-datatype-jdk8-2.13.4.jar;d:\maven\localRepository\com\fasterxml\jackson\datatype\jackson-datatype-jsr310\2.13.4\jackson-datatype-jsr310-2.13.4.jar;d:\maven\localRepository\com\fasterxml\jackson\module\jackson-module-parameter-names\2.13.4\jackson-module-parameter-names-2.13.4.jar;d:\maven\localRepository\org\springframework\boot\spring-boot-starter-tomcat\2.6.13\spring-boot-starter-tomcat-2.6.13.jar;d:\maven\localRepository\org\apache\tomcat\embed\tomcat-embed-core\9.0.68\tomcat-embed-core-9.0.68.jar;d:\maven\localRepository\org\apache\tomcat\embed\tomcat-embed-el\9.0.68\tomcat-embed-el-9.0.68.jar;d:\maven\localRepository\org\apache\tomcat\embed\tomcat-embed-websocket\9.0.68\tomcat-embed-websocket-9.0.68.jar;d:\maven\localRepository\org\springframework\spring-web\5.3.23\spring-web-5.3.23.jar;d:\maven\localRepository\org\springframework\spring-beans\5.3.23\spring-beans-5.3.23.jar;d:\maven\localRepository\org\springframework\spring-webmvc\5.3.23\spring-webmvc-5.3.23.jar;d:\maven\localRepository\org\springframework\spring-aop\5.3.23\spring-aop-5.3.23.jar;d:\maven\localRepository\org\springframework\spring-context\5.3.23\spring-context-5.3.23.jar;d:\maven\localRepository\org\springframework\spring-expression\5.3.23\spring-expression-5.3.23.jar;d:\maven\localRepository\org\mybatis\spring\boot\mybatis-spring-boot-starter\2.2.2\mybatis-spring-boot-starter-2.2.2.jar;d:\maven\localRepository\org\springframework\boot\spring-boot-starter-jdbc\2.6.13\spring-boot-starter-jdbc-2.6.13.jar;d:\maven\localRepository\com\zaxxer\HikariCP\4.0.3\HikariCP-4.0.3.jar;d:\maven\localRepository\org\springframework\spring-jdbc\5.3.23\spring-jdbc-5.3.23.jar;d:\maven\localRepository\org\springframework\spring-tx\5.3.23\spring-tx-5.3.23.jar;d:\maven\localRepository\org\mybatis\spring\boot\mybatis-spring-boot-autoconfigure\2.2.2\mybatis-spring-boot-autoconfigure-2.2.2.jar;d:\maven\localRepository\org\mybatis\mybatis\3.5.9\mybatis-3.5.9.jar;d:\maven\localRepository\org\mybatis\mybatis-spring\2.0.7\mybatis-spring-2.0.7.jar;d:\maven\localRepository\com\mysql\mysql-connector-j\8.0.31\mysql-connector-j-8.0.31.jar;d:\maven\localRepository\org\springframework\boot\spring-boot-starter-test\2.6.13\spring-boot-starter-test-2.6.13.jar;d:\maven\localRepository\org\springframework\boot\spring-boot-test\2.6.13\spring-boot-test-2.6.13.jar;d:\maven\localRepository\org\springframework\boot\spring-boot-test-autoconfigure\2.6.13\spring-boot-test-autoconfigure-2.6.13.jar;d:\maven\localRepository\com\jayway\jsonpath\json-path\2.6.0\json-path-2.6.0.jar;d:\maven\localRepository\net\minidev\json-smart\2.4.8\json-smart-2.4.8.jar;d:\maven\localRepository\net\minidev\accessors-smart\2.4.8\accessors-smart-2.4.8.jar;d:\maven\localRepository\org\ow2\asm\asm\9.1\asm-9.1.jar;d:\maven\localRepository\jakarta\xml\bind\jakarta.xml.bind-api\2.3.3\jakarta.xml.bind-api-2.3.3.jar;d:\maven\localRepository\jakarta\activation\jakarta.activation-api\1.2.2\jakarta.activation-api-1.2.2.jar;d:\maven\localRepository\org\assertj\assertj-core\3.21.0\assertj-core-3.21.0.jar;d:\maven\localRepository\org\hamcrest\hamcrest\2.2\hamcrest-2.2.jar;d:\maven\localRepository\org\junit\jupiter\junit-jupiter\5.8.2\junit-jupiter-5.8.2.jar;d:\maven\localRepository\org\junit\jupiter\junit-jupiter-api\5.8.2\junit-jupiter-api-5.8.2.jar;d:\maven\localRepository\org\opentest4j\opentest4j\1.2.0\opentest4j-1.2.0.jar;d:\maven\localRepository\org\junit\platform\junit-platform-commons\1.8.2\junit-platform-commons-1.8.2.jar;d:\maven\localRepository\org\apiguardian\apiguardian-api\1.1.2\apiguardian-api-1.1.2.jar;d:\maven\localRepository\org\junit\jupiter\junit-jupiter-params\5.8.2\junit-jupiter-params-5.8.2.jar;d:\maven\localRepository\org\junit\jupiter\junit-jupiter-engine\5.8.2\junit-jupiter-engine-5.8.2.jar;d:\maven\localRepository\org\junit\platform\junit-platform-engine\1.8.2\junit-platform-engine-1.8.2.jar;d:\maven\localRepository\org\mockito\mockito-core\4.0.0\mockito-core-4.0.0.jar;d:\maven\localRepository\net\bytebuddy\byte-buddy\1.11.22\byte-buddy-1.11.22.jar;d:\maven\localRepository\net\bytebuddy\byte-buddy-agent\1.11.22\byte-buddy-agent-1.11.22.jar;d:\maven\localRepository\org\objenesis\objenesis\3.2\objenesis-3.2.jar;d:\maven\localRepository\org\mockito\mockito-junit-jupiter\4.0.0\mockito-junit-jupiter-4.0.0.jar;d:\maven\localRepository\org\skyscreamer\jsonassert\1.5.1\jsonassert-1.5.1.jar;d:\maven\localRepository\com\vaadin\external\google\android-json\0.0.20131108.vaadin1\android-json-0.0.20131108.vaadin1.jar;d:\maven\localRepository\org\springframework\spring-core\5.3.23\spring-core-5.3.23.jar;d:\maven\localRepository\org\springframework\spring-jcl\5.3.23\spring-jcl-5.3.23.jar;d:\maven\localRepository\org\springframework\spring-test\5.3.23\spring-test-5.3.23.jar;d:\maven\localRepository\org\xmlunit\xmlunit-core\2.8.4\xmlunit-core-2.8.4.jar;d:\maven\localRepository\org\springframework\boot\spring-boot-devtools\2.6.13\spring-boot-devtools-2.6.13.jar;d:\maven\localRepository\org\springframework\boot\spring-boot\2.6.13\spring-boot-2.6.13.jar;d:\maven\localRepository\org\springframework\boot\spring-boot-autoconfigure\2.6.13\spring-boot-autoconfigure-2.6.13.jar;d:\maven\localRepository\us\codecraft\webmagic-extension\0.7.4\webmagic-extension-0.7.4.jar;d:\maven\localRepository\redis\clients\jedis\3.7.1\jedis-3.7.1.jar;d:\maven\localRepository\org\apache\commons\commons-pool2\2.11.1\commons-pool2-2.11.1.jar;d:\maven\localRepository\us\codecraft\webmagic-core\0.7.4\webmagic-core-0.7.4.jar;d:\maven\localRepository\org\apache\httpcomponents\httpclient\4.5.13\httpclient-4.5.13.jar;d:\maven\localRepository\org\apache\httpcomponents\httpcore\4.4.15\httpcore-4.4.15.jar;d:\maven\localRepository\commons-codec\commons-codec\1.15\commons-codec-1.15.jar;d:\maven\localRepository\org\apache\commons\commons-lang3\3.12.0\commons-lang3-3.12.0.jar;d:\maven\localRepository\us\codecraft\xsoup\0.3.1\xsoup-0.3.1.jar;d:\maven\localRepository\org\slf4j\slf4j-api\1.7.36\slf4j-api-1.7.36.jar;d:\maven\localRepository\commons-collections\commons-collections\3.2.2\commons-collections-3.2.2.jar;d:\maven\localRepository\org\jsoup\jsoup\1.10.3\jsoup-1.10.3.jar;d:\maven\localRepository\commons-io\commons-io\2.7\commons-io-2.7.jar;d:\maven\localRepository\com\alibaba\fastjson\1.2.69\fastjson-1.2.69.jar;"/>
    <property name="java.vm.vendor" value="Oracle Corporation"/>
    <property name="sun.arch.data.model" value="64"/>
    <property name="user.variant" value=""/>
    <property name="java.vendor.url" value="http://java.oracle.com/"/>
    <property name="user.timezone" value="Asia/Shanghai"/>
    <property name="java.vm.specification.version" value="1.8"/>
    <property name="os.name" value="Windows 11"/>
    <property name="user.country" value="CN"/>
    <property name="sun.java.launcher" value="SUN_STANDARD"/>
    <property name="sun.boot.library.path" value="D:\jdk8\jre\bin"/>
    <property name="sun.java.command" value="C:\Users\12613\AppData\Local\Temp\surefire7897212077428953914\surefirebooter-20240703153500730_3.jar C:\Users\12613\AppData\Local\Temp\surefire7897212077428953914 2024-07-03T15-35-00_005-jvmRun1 surefire-20240703153500730_1tmp surefire_0-20240703153500730_2tmp"/>
    <property name="surefire.test.class.path" value="D:\java\code\javaCrawler\target\test-classes;D:\java\code\javaCrawler\target\classes;d:\maven\localRepository\org\springframework\boot\spring-boot-starter-web\2.6.13\spring-boot-starter-web-2.6.13.jar;d:\maven\localRepository\org\springframework\boot\spring-boot-starter\2.6.13\spring-boot-starter-2.6.13.jar;d:\maven\localRepository\org\springframework\boot\spring-boot-starter-logging\2.6.13\spring-boot-starter-logging-2.6.13.jar;d:\maven\localRepository\ch\qos\logback\logback-classic\1.2.11\logback-classic-1.2.11.jar;d:\maven\localRepository\ch\qos\logback\logback-core\1.2.11\logback-core-1.2.11.jar;d:\maven\localRepository\org\apache\logging\log4j\log4j-to-slf4j\2.17.2\log4j-to-slf4j-2.17.2.jar;d:\maven\localRepository\org\apache\logging\log4j\log4j-api\2.17.2\log4j-api-2.17.2.jar;d:\maven\localRepository\org\slf4j\jul-to-slf4j\1.7.36\jul-to-slf4j-1.7.36.jar;d:\maven\localRepository\jakarta\annotation\jakarta.annotation-api\1.3.5\jakarta.annotation-api-1.3.5.jar;d:\maven\localRepository\org\yaml\snakeyaml\1.29\snakeyaml-1.29.jar;d:\maven\localRepository\org\springframework\boot\spring-boot-starter-json\2.6.13\spring-boot-starter-json-2.6.13.jar;d:\maven\localRepository\com\fasterxml\jackson\core\jackson-databind\2.13.4.2\jackson-databind-2.13.4.2.jar;d:\maven\localRepository\com\fasterxml\jackson\core\jackson-annotations\2.13.4\jackson-annotations-2.13.4.jar;d:\maven\localRepository\com\fasterxml\jackson\core\jackson-core\2.13.4\jackson-core-2.13.4.jar;d:\maven\localRepository\com\fasterxml\jackson\datatype\jackson-datatype-jdk8\2.13.4\jackson-datatype-jdk8-2.13.4.jar;d:\maven\localRepository\com\fasterxml\jackson\datatype\jackson-datatype-jsr310\2.13.4\jackson-datatype-jsr310-2.13.4.jar;d:\maven\localRepository\com\fasterxml\jackson\module\jackson-module-parameter-names\2.13.4\jackson-module-parameter-names-2.13.4.jar;d:\maven\localRepository\org\springframework\boot\spring-boot-starter-tomcat\2.6.13\spring-boot-starter-tomcat-2.6.13.jar;d:\maven\localRepository\org\apache\tomcat\embed\tomcat-embed-core\9.0.68\tomcat-embed-core-9.0.68.jar;d:\maven\localRepository\org\apache\tomcat\embed\tomcat-embed-el\9.0.68\tomcat-embed-el-9.0.68.jar;d:\maven\localRepository\org\apache\tomcat\embed\tomcat-embed-websocket\9.0.68\tomcat-embed-websocket-9.0.68.jar;d:\maven\localRepository\org\springframework\spring-web\5.3.23\spring-web-5.3.23.jar;d:\maven\localRepository\org\springframework\spring-beans\5.3.23\spring-beans-5.3.23.jar;d:\maven\localRepository\org\springframework\spring-webmvc\5.3.23\spring-webmvc-5.3.23.jar;d:\maven\localRepository\org\springframework\spring-aop\5.3.23\spring-aop-5.3.23.jar;d:\maven\localRepository\org\springframework\spring-context\5.3.23\spring-context-5.3.23.jar;d:\maven\localRepository\org\springframework\spring-expression\5.3.23\spring-expression-5.3.23.jar;d:\maven\localRepository\org\mybatis\spring\boot\mybatis-spring-boot-starter\2.2.2\mybatis-spring-boot-starter-2.2.2.jar;d:\maven\localRepository\org\springframework\boot\spring-boot-starter-jdbc\2.6.13\spring-boot-starter-jdbc-2.6.13.jar;d:\maven\localRepository\com\zaxxer\HikariCP\4.0.3\HikariCP-4.0.3.jar;d:\maven\localRepository\org\springframework\spring-jdbc\5.3.23\spring-jdbc-5.3.23.jar;d:\maven\localRepository\org\springframework\spring-tx\5.3.23\spring-tx-5.3.23.jar;d:\maven\localRepository\org\mybatis\spring\boot\mybatis-spring-boot-autoconfigure\2.2.2\mybatis-spring-boot-autoconfigure-2.2.2.jar;d:\maven\localRepository\org\mybatis\mybatis\3.5.9\mybatis-3.5.9.jar;d:\maven\localRepository\org\mybatis\mybatis-spring\2.0.7\mybatis-spring-2.0.7.jar;d:\maven\localRepository\com\mysql\mysql-connector-j\8.0.31\mysql-connector-j-8.0.31.jar;d:\maven\localRepository\org\springframework\boot\spring-boot-starter-test\2.6.13\spring-boot-starter-test-2.6.13.jar;d:\maven\localRepository\org\springframework\boot\spring-boot-test\2.6.13\spring-boot-test-2.6.13.jar;d:\maven\localRepository\org\springframework\boot\spring-boot-test-autoconfigure\2.6.13\spring-boot-test-autoconfigure-2.6.13.jar;d:\maven\localRepository\com\jayway\jsonpath\json-path\2.6.0\json-path-2.6.0.jar;d:\maven\localRepository\net\minidev\json-smart\2.4.8\json-smart-2.4.8.jar;d:\maven\localRepository\net\minidev\accessors-smart\2.4.8\accessors-smart-2.4.8.jar;d:\maven\localRepository\org\ow2\asm\asm\9.1\asm-9.1.jar;d:\maven\localRepository\jakarta\xml\bind\jakarta.xml.bind-api\2.3.3\jakarta.xml.bind-api-2.3.3.jar;d:\maven\localRepository\jakarta\activation\jakarta.activation-api\1.2.2\jakarta.activation-api-1.2.2.jar;d:\maven\localRepository\org\assertj\assertj-core\3.21.0\assertj-core-3.21.0.jar;d:\maven\localRepository\org\hamcrest\hamcrest\2.2\hamcrest-2.2.jar;d:\maven\localRepository\org\junit\jupiter\junit-jupiter\5.8.2\junit-jupiter-5.8.2.jar;d:\maven\localRepository\org\junit\jupiter\junit-jupiter-api\5.8.2\junit-jupiter-api-5.8.2.jar;d:\maven\localRepository\org\opentest4j\opentest4j\1.2.0\opentest4j-1.2.0.jar;d:\maven\localRepository\org\junit\platform\junit-platform-commons\1.8.2\junit-platform-commons-1.8.2.jar;d:\maven\localRepository\org\apiguardian\apiguardian-api\1.1.2\apiguardian-api-1.1.2.jar;d:\maven\localRepository\org\junit\jupiter\junit-jupiter-params\5.8.2\junit-jupiter-params-5.8.2.jar;d:\maven\localRepository\org\junit\jupiter\junit-jupiter-engine\5.8.2\junit-jupiter-engine-5.8.2.jar;d:\maven\localRepository\org\junit\platform\junit-platform-engine\1.8.2\junit-platform-engine-1.8.2.jar;d:\maven\localRepository\org\mockito\mockito-core\4.0.0\mockito-core-4.0.0.jar;d:\maven\localRepository\net\bytebuddy\byte-buddy\1.11.22\byte-buddy-1.11.22.jar;d:\maven\localRepository\net\bytebuddy\byte-buddy-agent\1.11.22\byte-buddy-agent-1.11.22.jar;d:\maven\localRepository\org\objenesis\objenesis\3.2\objenesis-3.2.jar;d:\maven\localRepository\org\mockito\mockito-junit-jupiter\4.0.0\mockito-junit-jupiter-4.0.0.jar;d:\maven\localRepository\org\skyscreamer\jsonassert\1.5.1\jsonassert-1.5.1.jar;d:\maven\localRepository\com\vaadin\external\google\android-json\0.0.20131108.vaadin1\android-json-0.0.20131108.vaadin1.jar;d:\maven\localRepository\org\springframework\spring-core\5.3.23\spring-core-5.3.23.jar;d:\maven\localRepository\org\springframework\spring-jcl\5.3.23\spring-jcl-5.3.23.jar;d:\maven\localRepository\org\springframework\spring-test\5.3.23\spring-test-5.3.23.jar;d:\maven\localRepository\org\xmlunit\xmlunit-core\2.8.4\xmlunit-core-2.8.4.jar;d:\maven\localRepository\org\springframework\boot\spring-boot-devtools\2.6.13\spring-boot-devtools-2.6.13.jar;d:\maven\localRepository\org\springframework\boot\spring-boot\2.6.13\spring-boot-2.6.13.jar;d:\maven\localRepository\org\springframework\boot\spring-boot-autoconfigure\2.6.13\spring-boot-autoconfigure-2.6.13.jar;d:\maven\localRepository\us\codecraft\webmagic-extension\0.7.4\webmagic-extension-0.7.4.jar;d:\maven\localRepository\redis\clients\jedis\3.7.1\jedis-3.7.1.jar;d:\maven\localRepository\org\apache\commons\commons-pool2\2.11.1\commons-pool2-2.11.1.jar;d:\maven\localRepository\us\codecraft\webmagic-core\0.7.4\webmagic-core-0.7.4.jar;d:\maven\localRepository\org\apache\httpcomponents\httpclient\4.5.13\httpclient-4.5.13.jar;d:\maven\localRepository\org\apache\httpcomponents\httpcore\4.4.15\httpcore-4.4.15.jar;d:\maven\localRepository\commons-codec\commons-codec\1.15\commons-codec-1.15.jar;d:\maven\localRepository\org\apache\commons\commons-lang3\3.12.0\commons-lang3-3.12.0.jar;d:\maven\localRepository\us\codecraft\xsoup\0.3.1\xsoup-0.3.1.jar;d:\maven\localRepository\org\slf4j\slf4j-api\1.7.36\slf4j-api-1.7.36.jar;d:\maven\localRepository\commons-collections\commons-collections\3.2.2\commons-collections-3.2.2.jar;d:\maven\localRepository\org\jsoup\jsoup\1.10.3\jsoup-1.10.3.jar;d:\maven\localRepository\commons-io\commons-io\2.7\commons-io-2.7.jar;d:\maven\localRepository\com\alibaba\fastjson\1.2.69\fastjson-1.2.69.jar;"/>
    <property name="sun.cpu.endian" value="little"/>
    <property name="user.home" value="C:\Users\12613"/>
    <property name="user.language" value="zh"/>
    <property name="java.specification.vendor" value="Oracle Corporation"/>
    <property name="java.home" value="D:\jdk8\jre"/>
    <property name="basedir" value="D:\java\code\javaCrawler"/>
    <property name="file.separator" value="\"/>
    <property name="line.separator" value="&#10;"/>
    <property name="java.vm.specification.vendor" value="Oracle Corporation"/>
    <property name="java.specification.name" value="Java Platform API Specification"/>
    <property name="FILE_LOG_CHARSET" value="GBK"/>
    <property name="java.awt.graphicsenv" value="sun.awt.Win32GraphicsEnvironment"/>
    <property name="java.awt.headless" value="true"/>
    <property name="surefire.real.class.path" value="C:\Users\12613\AppData\Local\Temp\surefire7897212077428953914\surefirebooter-20240703153500730_3.jar"/>
    <property name="sun.boot.class.path" value="D:\jdk8\jre\lib\resources.jar;D:\jdk8\jre\lib\rt.jar;D:\jdk8\jre\lib\jsse.jar;D:\jdk8\jre\lib\jce.jar;D:\jdk8\jre\lib\charsets.jar;D:\jdk8\jre\lib\jfr.jar;D:\jdk8\jre\classes"/>
    <property name="user.script" value=""/>
    <property name="sun.management.compiler" value="HotSpot 64-Bit Tiered Compilers"/>
    <property name="java.runtime.version" value="1.8.0_381-b09"/>
    <property name="user.name" value="12613"/>
    <property name="path.separator" value=";"/>
    <property name="os.version" value="10.0"/>
    <property name="java.endorsed.dirs" value="D:\jdk8\jre\lib\endorsed"/>
    <property name="java.runtime.name" value="Java(TM) SE Runtime Environment"/>
    <property name="file.encoding" value="GBK"/>
    <property name="spring.beaninfo.ignore" value="true"/>
    <property name="java.vm.name" value="Java HotSpot(TM) 64-Bit Server VM"/>
    <property name="localRepository" value="d:\maven\localRepository"/>
    <property name="java.vendor.url.bug" value="http://bugreport.sun.com/bugreport/"/>
    <property name="java.io.tmpdir" value="C:\Users\12613\AppData\Local\Temp\"/>
    <property name="idea.version" value="2023.2"/>
    <property name="java.version" value="1.8.0_381"/>
    <property name="user.dir" value="D:\java\code\javaCrawler"/>
    <property name="os.arch" value="amd64"/>
    <property name="java.vm.specification.name" value="Java Virtual Machine Specification"/>
    <property name="PID" value="22176"/>
    <property name="java.awt.printerjob" value="sun.awt.windows.WPrinterJob"/>
    <property name="sun.os.patch.level" value=""/>
    <property name="CONSOLE_LOG_CHARSET" value="GBK"/>
    <property name="java.library.path" value="D:\jdk8\jre\bin;C:\Windows\Sun\Java\bin;C:\Windows\system32;C:\Windows;D:\VMwareworkstation17\bin\;C:\Program Files (x86)\Common Files\Oracle\Java\javapath;C:\Windows\System32\HWAudioDriver;C:\Windows\system32;C:\Windows;C:\Windows\System32\Wbem;C:\Windows\System32\WindowsPowerShell\v1.0\;C:\Windows\System32\OpenSSH\;C:\Users\Administrator\AppData\Local\Microsoft\WindowsApps;D:\git\Git\cmd;D:\node_js\;D:\微信开发者工具\微信web开发者工具\dll;D:\nodeGlobalNodeMoudeles;D:\anaconda;D:\anaconda\Library\mingw-w64\bin;D:\anaconda\Library\usr\bin;D:\anaconda\Library\bin;D:\anaconda\Scripts;C:\Users\12613\AppData\Local\Microsoft\WindowsApps;D:\jdk17\bin;D:\lxdMysql\mysql-5.7.19-winx64\bin;C:\Users\12613\AppData\Local\Programs\Microsoft VS Code\bin;C:\Users\12613\AppData\Local\GitHubDesktop\bin;D:\maven\apache-maven-3.9.6\bin;C:\Users\12613\AppData\Roaming\npm;D:\Tomcat10\apache-tomcat-10.1.18\bin;D:\maven\apache-maven-3.9.6\bin;D:\nodeGlobalNodeMoudeles;;D:\Modelsim 2020.4 SE\win64;."/>
    <property name="java.vm.info" value="mixed mode"/>
    <property name="java.vendor" value="Oracle Corporation"/>
    <property name="java.vm.version" value="25.381-b09"/>
    <property name="java.specification.maintenance.version" value="5"/>
    <property name="java.ext.dirs" value="D:\jdk8\jre\lib\ext;C:\Windows\Sun\Java\lib\ext"/>
    <property name="sun.io.unicode.encoding" value="UnicodeLittle"/>
    <property name="java.class.version" value="52.0"/>
  </properties>
  <testcase name="contextLoads" classname="com.xxn.crawler.CrawlerApplicationTests" time="0.166">
    <system-out><![CDATA[15:35:01.851 [main] DEBUG org.springframework.test.context.BootstrapUtils - Instantiating CacheAwareContextLoaderDelegate from class [org.springframework.test.context.cache.DefaultCacheAwareContextLoaderDelegate]
15:35:01.857 [main] DEBUG org.springframework.test.context.BootstrapUtils - Instantiating BootstrapContext using constructor [public org.springframework.test.context.support.DefaultBootstrapContext(java.lang.Class,org.springframework.test.context.CacheAwareContextLoaderDelegate)]
15:35:01.880 [main] DEBUG org.springframework.test.context.BootstrapUtils - Instantiating TestContextBootstrapper for test class [com.xxn.crawler.CrawlerApplicationTests] from class [org.springframework.boot.test.context.SpringBootTestContextBootstrapper]
15:35:01.889 [main] INFO org.springframework.boot.test.context.SpringBootTestContextBootstrapper - Neither @ContextConfiguration nor @ContextHierarchy found for test class [com.xxn.crawler.CrawlerApplicationTests], using SpringBootContextLoader
15:35:01.892 [main] DEBUG org.springframework.test.context.support.AbstractContextLoader - Did not detect default resource location for test class [com.xxn.crawler.CrawlerApplicationTests]: class path resource [com/xxn/crawler/CrawlerApplicationTests-context.xml] does not exist
15:35:01.892 [main] DEBUG org.springframework.test.context.support.AbstractContextLoader - Did not detect default resource location for test class [com.xxn.crawler.CrawlerApplicationTests]: class path resource [com/xxn/crawler/CrawlerApplicationTestsContext.groovy] does not exist
15:35:01.892 [main] INFO org.springframework.test.context.support.AbstractContextLoader - Could not detect default resource locations for test class [com.xxn.crawler.CrawlerApplicationTests]: no resource found for suffixes {-context.xml, Context.groovy}.
15:35:01.892 [main] INFO org.springframework.test.context.support.AnnotationConfigContextLoaderUtils - Could not detect default configuration classes for test class [com.xxn.crawler.CrawlerApplicationTests]: CrawlerApplicationTests does not declare any static, non-private, non-final, nested classes annotated with @Configuration.
15:35:01.926 [main] DEBUG org.springframework.test.context.support.ActiveProfilesUtils - Could not find an 'annotation declaring class' for annotation type [org.springframework.test.context.ActiveProfiles] and class [com.xxn.crawler.CrawlerApplicationTests]
15:35:01.996 [main] DEBUG org.springframework.context.annotation.ClassPathScanningCandidateComponentProvider - Identified candidate component class: file [D:\java\code\javaCrawler\target\classes\com\xxn\crawler\CrawlerApplication.class]
15:35:01.997 [main] INFO org.springframework.boot.test.context.SpringBootTestContextBootstrapper - Found @SpringBootConfiguration com.xxn.crawler.CrawlerApplication for test class com.xxn.crawler.CrawlerApplicationTests
15:35:02.117 [main] DEBUG org.springframework.boot.test.context.SpringBootTestContextBootstrapper - @TestExecutionListeners is not present for class [com.xxn.crawler.CrawlerApplicationTests]: using defaults.
15:35:02.118 [main] INFO org.springframework.boot.test.context.SpringBootTestContextBootstrapper - Loaded default TestExecutionListener class names from location [META-INF/spring.factories]: [org.springframework.boot.test.mock.mockito.MockitoTestExecutionListener, org.springframework.boot.test.mock.mockito.ResetMocksTestExecutionListener, org.springframework.boot.test.autoconfigure.restdocs.RestDocsTestExecutionListener, org.springframework.boot.test.autoconfigure.web.client.MockRestServiceServerResetTestExecutionListener, org.springframework.boot.test.autoconfigure.web.servlet.MockMvcPrintOnlyOnFailureTestExecutionListener, org.springframework.boot.test.autoconfigure.web.servlet.WebDriverTestExecutionListener, org.springframework.boot.test.autoconfigure.webservices.client.MockWebServiceServerTestExecutionListener, org.springframework.test.context.web.ServletTestExecutionListener, org.springframework.test.context.support.DirtiesContextBeforeModesTestExecutionListener, org.springframework.test.context.event.ApplicationEventsTestExecutionListener, org.springframework.test.context.support.DependencyInjectionTestExecutionListener, org.springframework.test.context.support.DirtiesContextTestExecutionListener, org.springframework.test.context.transaction.TransactionalTestExecutionListener, org.springframework.test.context.jdbc.SqlScriptsTestExecutionListener, org.springframework.test.context.event.EventPublishingTestExecutionListener]
15:35:02.139 [main] INFO org.springframework.boot.test.context.SpringBootTestContextBootstrapper - Using TestExecutionListeners: [org.springframework.test.context.web.ServletTestExecutionListener@28cda624, org.springframework.test.context.support.DirtiesContextBeforeModesTestExecutionListener@1500b2f3, org.springframework.test.context.event.ApplicationEventsTestExecutionListener@7eecb5b8, org.springframework.boot.test.mock.mockito.MockitoTestExecutionListener@126253fd, org.springframework.boot.test.autoconfigure.SpringBootDependencyInjectionTestExecutionListener@57db2b13, org.springframework.test.context.support.DirtiesContextTestExecutionListener@475c9c31, org.springframework.test.context.transaction.TransactionalTestExecutionListener@5c86a017, org.springframework.test.context.jdbc.SqlScriptsTestExecutionListener@5c7bfdc1, org.springframework.test.context.event.EventPublishingTestExecutionListener@5276d6ee, org.springframework.boot.test.mock.mockito.ResetMocksTestExecutionListener@71687585, org.springframework.boot.test.autoconfigure.restdocs.RestDocsTestExecutionListener@1807f5a7, org.springframework.boot.test.autoconfigure.web.client.MockRestServiceServerResetTestExecutionListener@1b919693, org.springframework.boot.test.autoconfigure.web.servlet.MockMvcPrintOnlyOnFailureTestExecutionListener@7fb4f2a9, org.springframework.boot.test.autoconfigure.web.servlet.WebDriverTestExecutionListener@4dc27487, org.springframework.boot.test.autoconfigure.webservices.client.MockWebServiceServerTestExecutionListener@6a4f1a55]
15:35:02.144 [main] DEBUG org.springframework.test.context.support.AbstractDirtiesContextTestExecutionListener - Before test class: context [DefaultTestContext@51891008 testClass = CrawlerApplicationTests, testInstance = [null], testMethod = [null], testException = [null], mergedContextConfiguration = [WebMergedContextConfiguration@2f953efd testClass = CrawlerApplicationTests, locations = '{}', classes = '{class com.xxn.crawler.CrawlerApplication}', contextInitializerClasses = '[]', activeProfiles = '{}', propertySourceLocations = '{}', propertySourceProperties = '{org.springframework.boot.test.context.SpringBootTestContextBootstrapper=true}', contextCustomizers = set[org.springframework.boot.test.context.filter.ExcludeFilterContextCustomizer@36ebc363, org.springframework.boot.test.json.DuplicateJsonObjectContextCustomizerFactory$DuplicateJsonObjectContextCustomizer@3c41ed1d, org.springframework.boot.test.mock.mockito.MockitoContextCustomizer@0, org.springframework.boot.test.web.client.TestRestTemplateContextCustomizer@139982de, org.springframework.boot.test.autoconfigure.actuate.metrics.MetricsExportContextCustomizerFactory$DisableMetricExportContextCustomizer@6743e411, org.springframework.boot.test.autoconfigure.properties.PropertyMappingContextCustomizer@0, org.springframework.boot.test.autoconfigure.web.servlet.WebDriverContextCustomizerFactory$Customizer@4b2bac3f, org.springframework.boot.test.context.SpringBootTestArgs@1, org.springframework.boot.test.context.SpringBootTestWebEnvironment@3e9b1010], resourceBasePath = 'src/main/webapp', contextLoader = 'org.springframework.boot.test.context.SpringBootContextLoader', parent = [null]], attributes = map['org.springframework.test.context.web.ServletTestExecutionListener.activateListener' -> true]], class annotated with @DirtiesContext [false] with mode [null].

  .   ____          _            __ _ _
 /\\ / ___'_ __ _ _(_)_ __  __ _ \ \ \ \
( ( )\___ | '_ | '_| | '_ \/ _` | \ \ \ \
 \\/  ___)| |_)| | | | | || (_| |  ) ) ) )
  '  |____| .__|_| |_|_| |_\__, | / / / /
 =========|_|==============|___/=/_/_/_/
 :: Spring Boot ::               (v2.6.13)

2024-07-03 15:35:02.400  INFO 22176 --- [           main] com.xxn.crawler.CrawlerApplicationTests  : Starting CrawlerApplicationTests using Java 1.8.0_381 on Marchino with PID 22176 (started by 12613 in D:\java\code\javaCrawler)
2024-07-03 15:35:02.402  INFO 22176 --- [           main] com.xxn.crawler.CrawlerApplicationTests  : No active profile set, falling back to 1 default profile: "default"
2024-07-03 15:35:03.033  WARN 22176 --- [           main] o.m.s.mapper.ClassPathMapperScanner      : No MyBatis mapper was found in '[com.xxn.crawler]' package. Please check your configuration.
2024-07-03 15:35:03.638  INFO 22176 --- [           main] o.s.b.a.w.s.WelcomePageHandlerMapping    : Adding welcome page: class path resource [static/index.html]
2024-07-03 15:35:04.034  INFO 22176 --- [           main] com.xxn.crawler.CrawlerApplicationTests  : Started CrawlerApplicationTests in 1.839 seconds (JVM running for 2.997)
]]></system-out>
  </testcase>
</testsuite>